{"C:\\Users\\nanda\\Documents\\CodeQueens\\Desafio4-CadastroAlunos\\cadastroAluno\\src\\components\\AlunoMediaCard.tsx": {"path":"C:\\Users\\nanda\\Documents\\CodeQueens\\Desafio4-CadastroAlunos\\cadastroAluno\\src\\components\\AlunoMediaCard.tsx","statementMap":{"0":{"start":{"line":7,"column":30},"end":{"line":19,"column":1}},"1":{"start":{"line":8,"column":17},"end":{"line":8,"column":58}},"2":{"start":{"line":9,"column":22},"end":{"line":9,"column":68}},"3":{"start":{"line":11,"column":2},"end":{"line":18,"column":4}},"4":{"start":{"line":7,"column":13},"end":{"line":7,"column":30}}},"fnMap":{"0":{"name":"(anonymous_0)","decl":{"start":{"line":7,"column":30},"end":{"line":7,"column":31}},"loc":{"start":{"line":7,"column":83},"end":{"line":19,"column":1}}}},"branchMap":{"0":{"loc":{"start":{"line":8,"column":17},"end":{"line":8,"column":58}},"type":"cond-expr","locations":[{"start":{"line":8,"column":30},"end":{"line":8,"column":42}},{"start":{"line":8,"column":45},"end":{"line":8,"column":58}}]},"1":{"loc":{"start":{"line":9,"column":22},"end":{"line":9,"column":68}},"type":"cond-expr","locations":[{"start":{"line":9,"column":35},"end":{"line":9,"column":51}},{"start":{"line":9,"column":54},"end":{"line":9,"column":68}}]}},"s":{"0":2,"1":5,"2":5,"3":5,"4":2},"f":{"0":5},"b":{"0":[3,2],"1":[3,2]}}
,"C:\\Users\\nanda\\Documents\\CodeQueens\\Desafio4-CadastroAlunos\\cadastroAluno\\src\\components\\DisciplinaMediaCard.tsx": {"path":"C:\\Users\\nanda\\Documents\\CodeQueens\\Desafio4-CadastroAlunos\\cadastroAluno\\src\\components\\DisciplinaMediaCard.tsx","statementMap":{"0":{"start":{"line":6,"column":35},"end":{"line":10,"column":null}},"1":{"start":{"line":7,"column":2},"end":{"line":9,"column":null}},"2":{"start":{"line":6,"column":13},"end":{"line":6,"column":35}}},"fnMap":{"0":{"name":"(anonymous_0)","decl":{"start":{"line":6,"column":35},"end":{"line":6,"column":36}},"loc":{"start":{"line":7,"column":2},"end":{"line":9,"column":null}}}},"branchMap":{},"s":{"0":1,"1":4,"2":1},"f":{"0":4},"b":{}}
,"C:\\Users\\nanda\\Documents\\CodeQueens\\Desafio4-CadastroAlunos\\cadastroAluno\\src\\components\\Buttons\\HomePageButton.tsx": {"path":"C:\\Users\\nanda\\Documents\\CodeQueens\\Desafio4-CadastroAlunos\\cadastroAluno\\src\\components\\Buttons\\HomePageButton.tsx","statementMap":{"0":{"start":{"line":1,"column":0},"end":{"line":1,"column":25}},"1":{"start":{"line":10,"column":30},"end":{"line":17,"column":null}},"2":{"start":{"line":11,"column":2},"end":{"line":16,"column":null}},"3":{"start":{"line":10,"column":13},"end":{"line":10,"column":30}}},"fnMap":{"0":{"name":"(anonymous_1)","decl":{"start":{"line":10,"column":30},"end":{"line":10,"column":31}},"loc":{"start":{"line":11,"column":2},"end":{"line":16,"column":null}}}},"branchMap":{"0":{"loc":{"start":{"line":10,"column":51},"end":{"line":10,"column":65}},"type":"default-arg","locations":[{"start":{"line":10,"column":63},"end":{"line":10,"column":65}}]},"1":{"loc":{"start":{"line":10,"column":67},"end":{"line":10,"column":82}},"type":"default-arg","locations":[{"start":{"line":10,"column":74},"end":{"line":10,"column":82}}]}},"s":{"0":1,"1":1,"2":3,"3":1},"f":{"0":3},"b":{"0":[0],"1":[0]}}
,"C:\\Users\\nanda\\Documents\\CodeQueens\\Desafio4-CadastroAlunos\\cadastroAluno\\src\\components\\Charts\\DisciplinaMediaChart.tsx": {"path":"C:\\Users\\nanda\\Documents\\CodeQueens\\Desafio4-CadastroAlunos\\cadastroAluno\\src\\components\\Charts\\DisciplinaMediaChart.tsx","statementMap":{"0":{"start":{"line":1,"column":0},"end":{"line":1,"column":100}},"1":{"start":{"line":12,"column":36},"end":{"line":24,"column":null}},"2":{"start":{"line":13,"column":2},"end":{"line":23,"column":null}},"3":{"start":{"line":12,"column":13},"end":{"line":12,"column":36}}},"fnMap":{"0":{"name":"(anonymous_0)","decl":{"start":{"line":12,"column":36},"end":{"line":12,"column":37}},"loc":{"start":{"line":13,"column":2},"end":{"line":23,"column":null}}}},"branchMap":{},"s":{"0":1,"1":1,"2":3,"3":1},"f":{"0":3},"b":{}}
,"C:\\Users\\nanda\\Documents\\CodeQueens\\Desafio4-CadastroAlunos\\cadastroAluno\\src\\pages\\StudentsPerformancePage.tsx": {"path":"C:\\Users\\nanda\\Documents\\CodeQueens\\Desafio4-CadastroAlunos\\cadastroAluno\\src\\pages\\StudentsPerformancePage.tsx","statementMap":{"0":{"start":{"line":1,"column":0},"end":{"line":1,"column":44}},"1":{"start":{"line":2,"column":0},"end":{"line":2,"column":47}},"2":{"start":{"line":3,"column":0},"end":{"line":3,"column":72}},"3":{"start":{"line":4,"column":0},"end":{"line":4,"column":47}},"4":{"start":{"line":5,"column":0},"end":{"line":5,"column":62}},"5":{"start":{"line":6,"column":0},"end":{"line":6,"column":63}},"6":{"start":{"line":7,"column":0},"end":{"line":7,"column":70}},"7":{"start":{"line":8,"column":0},"end":{"line":8,"column":81}},"8":{"start":{"line":18,"column":39},"end":{"line":118,"column":1}},"9":{"start":{"line":19,"column":19},"end":{"line":19,"column":32}},"10":{"start":{"line":20,"column":30},"end":{"line":20,"column":51}},"11":{"start":{"line":21,"column":50},"end":{"line":21,"column":70}},"12":{"start":{"line":23,"column":2},"end":{"line":34,"column":9}},"13":{"start":{"line":24,"column":24},"end":{"line":31,"column":5}},"14":{"start":{"line":25,"column":6},"end":{"line":30,"column":7}},"15":{"start":{"line":26,"column":31},"end":{"line":26,"column":51}},"16":{"start":{"line":27,"column":8},"end":{"line":27,"column":34}},"17":{"start":{"line":29,"column":8},"end":{"line":29,"column":27}},"18":{"start":{"line":33,"column":4},"end":{"line":33,"column":18}},"19":{"start":{"line":36,"column":66},"end":{"line":36,"column":68}},"20":{"start":{"line":37,"column":2},"end":{"line":43,"column":5}},"21":{"start":{"line":38,"column":18},"end":{"line":38,"column":44}},"22":{"start":{"line":39,"column":4},"end":{"line":41,"column":5}},"23":{"start":{"line":40,"column":6},"end":{"line":40,"column":49}},"24":{"start":{"line":42,"column":4},"end":{"line":42,"column":54}},"25":{"start":{"line":45,"column":20},"end":{"line":48,"column":5}},"26":{"start":{"line":45,"column":87},"end":{"line":48,"column":4}},"27":{"start":{"line":50,"column":26},"end":{"line":52,"column":12}},"28":{"start":{"line":51,"column":31},"end":{"line":51,"column":68}},"29":{"start":{"line":54,"column":2},"end":{"line":117,"column":4}},"30":{"start":{"line":63,"column":29},"end":{"line":63,"column":64}},"31":{"start":{"line":68,"column":14},"end":{"line":68,"column":39}},"32":{"start":{"line":79,"column":14},"end":{"line":80,"column":null}},"33":{"start":{"line":93,"column":33},"end":{"line":93,"column":54}},"34":{"start":{"line":94,"column":14},"end":{"line":100,"column":16}},"35":{"start":{"line":110,"column":27},"end":{"line":110,"column":40}},"36":{"start":{"line":18,"column":13},"end":{"line":18,"column":39}}},"fnMap":{"0":{"name":"(anonymous_0)","decl":{"start":{"line":18,"column":39},"end":{"line":18,"column":42}},"loc":{"start":{"line":18,"column":44},"end":{"line":118,"column":1}}},"1":{"name":"(anonymous_1)","decl":{"start":{"line":23,"column":12},"end":{"line":23,"column":15}},"loc":{"start":{"line":23,"column":17},"end":{"line":34,"column":3}}},"2":{"name":"(anonymous_2)","decl":{"start":{"line":24,"column":24},"end":{"line":24,"column":29}},"loc":{"start":{"line":24,"column":35},"end":{"line":31,"column":5}}},"3":{"name":"(anonymous_3)","decl":{"start":{"line":37,"column":17},"end":{"line":37,"column":18}},"loc":{"start":{"line":37,"column":27},"end":{"line":43,"column":3}}},"4":{"name":"(anonymous_4)","decl":{"start":{"line":45,"column":60},"end":{"line":45,"column":61}},"loc":{"start":{"line":45,"column":87},"end":{"line":48,"column":4}}},"5":{"name":"(anonymous_5)","decl":{"start":{"line":51,"column":20},"end":{"line":51,"column":21}},"loc":{"start":{"line":51,"column":31},"end":{"line":51,"column":68}}},"6":{"name":"(anonymous_6)","decl":{"start":{"line":63,"column":22},"end":{"line":63,"column":23}},"loc":{"start":{"line":63,"column":29},"end":{"line":63,"column":64}}},"7":{"name":"(anonymous_7)","decl":{"start":{"line":67,"column":50},"end":{"line":67,"column":51}},"loc":{"start":{"line":68,"column":14},"end":{"line":68,"column":39}}},"8":{"name":"(anonymous_8)","decl":{"start":{"line":78,"column":33},"end":{"line":78,"column":34}},"loc":{"start":{"line":79,"column":14},"end":{"line":80,"column":null}}},"9":{"name":"(anonymous_9)","decl":{"start":{"line":92,"column":53},"end":{"line":92,"column":54}},"loc":{"start":{"line":92,"column":78},"end":{"line":101,"column":13}}},"10":{"name":"(anonymous_10)","decl":{"start":{"line":110,"column":21},"end":{"line":110,"column":24}},"loc":{"start":{"line":110,"column":27},"end":{"line":110,"column":40}}}},"branchMap":{"0":{"loc":{"start":{"line":39,"column":4},"end":{"line":41,"column":5}},"type":"if","locations":[{"start":{"line":39,"column":4},"end":{"line":41,"column":5}}]},"1":{"loc":{"start":{"line":50,"column":26},"end":{"line":52,"column":12}},"type":"cond-expr","locations":[{"start":{"line":51,"column":6},"end":{"line":51,"column":69}},{"start":{"line":52,"column":6},"end":{"line":52,"column":12}}]}},"s":{"0":1,"1":1,"2":1,"3":1,"4":1,"5":1,"6":1,"7":1,"8":1,"9":3,"10":3,"11":3,"12":3,"13":1,"14":1,"15":1,"16":1,"17":0,"18":1,"19":3,"20":3,"21":4,"22":4,"23":4,"24":4,"25":3,"26":4,"27":3,"28":2,"29":3,"30":1,"31":4,"32":3,"33":4,"34":4,"35":0,"36":1},"f":{"0":3,"1":1,"2":1,"3":4,"4":4,"5":2,"6":1,"7":4,"8":3,"9":4,"10":0},"b":{"0":[4],"1":[1,2]}}
,"C:\\Users\\nanda\\Documents\\CodeQueens\\Desafio4-CadastroAlunos\\cadastroAluno\\src\\utils\\media.tsx": {"path":"C:\\Users\\nanda\\Documents\\CodeQueens\\Desafio4-CadastroAlunos\\cadastroAluno\\src\\utils\\media.tsx","statementMap":{"0":{"start":{"line":1,"column":29},"end":{"line":5,"column":1}},"1":{"start":{"line":2,"column":2},"end":{"line":2,"column":35}},"2":{"start":{"line":2,"column":26},"end":{"line":2,"column":35}},"3":{"start":{"line":3,"column":15},"end":{"line":3,"column":57}},"4":{"start":{"line":3,"column":43},"end":{"line":3,"column":53}},"5":{"start":{"line":4,"column":2},"end":{"line":4,"column":29}},"6":{"start":{"line":1,"column":13},"end":{"line":1,"column":29}}},"fnMap":{"0":{"name":"(anonymous_0)","decl":{"start":{"line":1,"column":29},"end":{"line":1,"column":30}},"loc":{"start":{"line":1,"column":57},"end":{"line":5,"column":1}}},"1":{"name":"(anonymous_1)","decl":{"start":{"line":3,"column":28},"end":{"line":3,"column":29}},"loc":{"start":{"line":3,"column":43},"end":{"line":3,"column":53}}}},"branchMap":{"0":{"loc":{"start":{"line":2,"column":2},"end":{"line":2,"column":35}},"type":"if","locations":[{"start":{"line":2,"column":2},"end":{"line":2,"column":35}}]}},"s":{"0":2,"1":18,"2":1,"3":17,"4":34,"5":17,"6":2},"f":{"0":18,"1":34},"b":{"0":[1]}}
}
