TN:
SF:src\components\AlunoMediaCard.tsx
FN:7,(anonymous_0)
FNF:1
FNH:1
FNDA:5,(anonymous_0)
DA:7,2
DA:8,5
DA:9,5
DA:11,5
LF:4
LH:4
BRDA:8,0,0,3
BRDA:8,0,1,2
BRDA:9,1,0,3
BRDA:9,1,1,2
BRF:4
BRH:4
end_of_record
TN:
SF:src\components\DisciplinaMediaCard.tsx
FN:6,(anonymous_0)
FNF:1
FNH:1
FNDA:4,(anonymous_0)
DA:6,1
DA:7,4
LF:2
LH:2
BRF:0
BRH:0
end_of_record
TN:
SF:src\components\Buttons\HomePageButton.tsx
FN:10,(anonymous_1)
FNF:1
FNH:1
FNDA:3,(anonymous_1)
DA:1,1
DA:10,1
DA:11,3
LF:3
LH:3
BRDA:10,0,0,0
BRDA:10,1,0,0
BRF:2
BRH:0
end_of_record
TN:
SF:src\components\Charts\DisciplinaMediaChart.tsx
FN:12,(anonymous_0)
FNF:1
FNH:1
FNDA:3,(anonymous_0)
DA:1,1
DA:12,1
DA:13,3
LF:3
LH:3
BRF:0
BRH:0
end_of_record
TN:
SF:src\pages\StudentsPerformancePage.tsx
FN:18,(anonymous_0)
FN:23,(anonymous_1)
FN:24,(anonymous_2)
FN:37,(anonymous_3)
FN:45,(anonymous_4)
FN:51,(anonymous_5)
FN:63,(anonymous_6)
FN:67,(anonymous_7)
FN:78,(anonymous_8)
FN:92,(anonymous_9)
FN:110,(anonymous_10)
FNF:11
FNH:10
FNDA:3,(anonymous_0)
FNDA:1,(anonymous_1)
FNDA:1,(anonymous_2)
FNDA:4,(anonymous_3)
FNDA:4,(anonymous_4)
FNDA:2,(anonymous_5)
FNDA:1,(anonymous_6)
FNDA:4,(anonymous_7)
FNDA:3,(anonymous_8)
FNDA:4,(anonymous_9)
FNDA:0,(anonymous_10)
DA:1,1
DA:2,1
DA:3,1
DA:4,1
DA:5,1
DA:6,1
DA:7,1
DA:8,1
DA:18,1
DA:19,3
DA:20,3
DA:21,3
DA:23,3
DA:24,1
DA:25,1
DA:26,1
DA:27,1
DA:29,0
DA:33,1
DA:36,3
DA:37,3
DA:38,4
DA:39,4
DA:40,4
DA:42,4
DA:45,4
DA:50,3
DA:51,2
DA:54,3
DA:63,1
DA:68,4
DA:79,3
DA:93,4
DA:94,4
DA:110,0
LF:35
LH:33
BRDA:39,0,0,4
BRDA:50,1,0,1
BRDA:50,1,1,2
BRF:3
BRH:3
end_of_record
TN:
SF:src\utils\media.tsx
FN:1,(anonymous_0)
FN:3,(anonymous_1)
FNF:2
FNH:2
FNDA:18,(anonymous_0)
FNDA:34,(anonymous_1)
DA:1,2
DA:2,18
DA:3,34
DA:4,17
LF:4
LH:4
BRDA:2,0,0,1
BRF:1
BRH:1
end_of_record
